<html>
<head>
<title>TestNG:  Command line test c399d579-1a0c-4ead-9a73-928d5e56c69e</title>
<link href="../testng.css" rel="stylesheet" type="text/css" />
<link href="../my-testng.css" rel="stylesheet" type="text/css" />

<style type="text/css">
.log { display: none;} 
.stack-trace { display: none;} 
</style>
<script type="text/javascript">
<!--
function flip(e) {
  current = e.style.display;
  if (current == 'block') {
    e.style.display = 'none';
    return 0;
  }
  else {
    e.style.display = 'block';
    return 1;
  }
}

function toggleBox(szDivId, elem, msg1, msg2)
{
  var res = -1;  if (document.getElementById) {
    res = flip(document.getElementById(szDivId));
  }
  else if (document.all) {
    // this is the way old msie versions work
    res = flip(document.all[szDivId]);
  }
  if(elem) {
    if(res == 0) elem.innerHTML = msg1; else elem.innerHTML = msg2;
  }

}

function toggleAllBoxes() {
  if (document.getElementsByTagName) {
    d = document.getElementsByTagName('div');
    for (i = 0; i < d.length; i++) {
      if (d[i].className == 'log') {
        flip(d[i]);
      }
    }
  }
}

// -->
</script>

</head>
<body>
<h2 align='center'>Command line test c399d579-1a0c-4ead-9a73-928d5e56c69e</h2><table border='1' align="center">
<tr>
<td>Tests passed/Failed/Skipped:</td><td>13/1/0</td>
</tr><tr>
<td>Started on:</td><td>Wed Dec 23 23:30:00 IST 2020</td>
</tr>
<tr><td>Total time:</td><td>503 seconds (503713 ms)</td>
</tr><tr>
<td>Included groups:</td><td></td>
</tr><tr>
<td>Excluded groups:</td><td></td>
</tr>
</table><p/>
<small><i>(Hover the method name to see the test class name)</i></small><p/>
<table width='100%' border='1' class='invocation-failed'>
<tr><td colspan='4' align='center'><b>FAILED TESTS</b></td></tr>
<tr><td><b>Test method</b></td>
<td width="30%"><b>Exception</b></td>
<td width="10%"><b>Time (seconds)</b></td>
<td><b>Instance</b></td>
</tr>
<tr>
<td title='Testscript.TC7.forgotpassword_parent()'><b>forgotpassword_parent</b><br>Test class: Testscript.TC7</td>
<td><div><pre>org.openqa.selenium.NoSuchElementException: no such element: Unable to locate element: {&quot;method&quot;:&quot;xpath&quot;,&quot;selector&quot;:&quot;//input[@placeholder=&apos;New Password&apos;]&quot;}
  (Session info: chrome=87.0.4280.88)
For documentation on this error, please visit: https://www.seleniumhq.org/exceptions/no_such_element.html
Build info: version: &apos;3.141.59&apos;, revision: &apos;e82be7d358&apos;, time: &apos;2018-11-14T08:25:53&apos;
System info: host: &apos;karishmas-MacBook-Air.local&apos;, ip: &apos;fe80:0:0:0:1844:2479:8d9e:4794%en0&apos;, os.name: &apos;Mac OS X&apos;, os.arch: &apos;x86_64&apos;, os.version: &apos;10.15.4&apos;, java.version: &apos;13.0.2&apos;
Driver info: org.openqa.selenium.chrome.ChromeDriver
Capabilities {acceptInsecureCerts: false, browserName: chrome, browserVersion: 87.0.4280.88, chrome: {chromedriverVersion: 86.0.4240.22 (398b0743353ff..., userDataDir: /var/folders/4n/g7b3mygx47d...}, goog:chromeOptions: {debuggerAddress: localhost:60751}, javascriptEnabled: true, networkConnectionEnabled: false, pageLoadStrategy: none, platform: MAC, platformName: MAC, proxy: Proxy(), setWindowRect: true, strictFileInteractability: false, timeouts: {implicit: 0, pageLoad: 300000, script: 30000}, unhandledPromptBehavior: dismiss and notify, webauthn:virtualAuthenticators: true}
Session ID: d0d1b1c6c13ac5eaa6a932ffe804aa69
*** Element info: {Using=xpath, value=//input[@placeholder=&apos;New Password&apos;]}
	at org.openqa.selenium.remote.http.W3CHttpResponseCodec.createException(W3CHttpResponseCodec.java:187)
	at org.openqa.selenium.remote.http.W3CHttpResponseCodec.decode(W3CHttpResponseCodec.java:122)
	at org.openqa.selenium.remote.http.W3CHttpResponseCodec.decode(W3CHttpResponseCodec.java:49)
	at org.openqa.selenium.remote.HttpCommandExecutor.execute(HttpCommandExecutor.java:158)
	at org.openqa.selenium.remote.service.DriverCommandExecutor.execute(DriverCommandExecutor.java:83)
	at org.openqa.selenium.remote.RemoteWebDriver.execute(RemoteWebDriver.java:552)
	at org.openqa.selenium.remote.RemoteWebDriver.findElement(RemoteWebDriver.java:323)
	at org.openqa.selenium.remote.RemoteWebDriver.findElementByXPath(RemoteWebDriver.java:428)
	at org.openqa.selenium.By$ByXPath.findElement(By.java:353)
	at org.openqa.selenium.remote.RemoteWebDriver.findElement(RemoteWebDriver.java:315)
	at Testscript.TC7.forgotpassword_parent(TC7.java:70)
	at Runner.triggerclass.main(triggerclass.java:69)
... Removed 26 stack frames</pre></div><a href='#' onClick='toggleBox("stack-trace1520267010", this, "Click to show all stack frames", "Click to hide stack frames")'>Click to show all stack frames</a>
<div class='stack-trace' id='stack-trace1520267010'><pre>org.openqa.selenium.NoSuchElementException: no such element: Unable to locate element: {&quot;method&quot;:&quot;xpath&quot;,&quot;selector&quot;:&quot;//input[@placeholder=&apos;New Password&apos;]&quot;}
  (Session info: chrome=87.0.4280.88)
For documentation on this error, please visit: https://www.seleniumhq.org/exceptions/no_such_element.html
Build info: version: &apos;3.141.59&apos;, revision: &apos;e82be7d358&apos;, time: &apos;2018-11-14T08:25:53&apos;
System info: host: &apos;karishmas-MacBook-Air.local&apos;, ip: &apos;fe80:0:0:0:1844:2479:8d9e:4794%en0&apos;, os.name: &apos;Mac OS X&apos;, os.arch: &apos;x86_64&apos;, os.version: &apos;10.15.4&apos;, java.version: &apos;13.0.2&apos;
Driver info: org.openqa.selenium.chrome.ChromeDriver
Capabilities {acceptInsecureCerts: false, browserName: chrome, browserVersion: 87.0.4280.88, chrome: {chromedriverVersion: 86.0.4240.22 (398b0743353ff..., userDataDir: /var/folders/4n/g7b3mygx47d...}, goog:chromeOptions: {debuggerAddress: localhost:60751}, javascriptEnabled: true, networkConnectionEnabled: false, pageLoadStrategy: none, platform: MAC, platformName: MAC, proxy: Proxy(), setWindowRect: true, strictFileInteractability: false, timeouts: {implicit: 0, pageLoad: 300000, script: 30000}, unhandledPromptBehavior: dismiss and notify, webauthn:virtualAuthenticators: true}
Session ID: d0d1b1c6c13ac5eaa6a932ffe804aa69
*** Element info: {Using=xpath, value=//input[@placeholder=&apos;New Password&apos;]}
	at java.base/jdk.internal.reflect.NativeConstructorAccessorImpl.newInstance0(Native Method)
	at java.base/jdk.internal.reflect.NativeConstructorAccessorImpl.newInstance(NativeConstructorAccessorImpl.java:62)
	at java.base/jdk.internal.reflect.DelegatingConstructorAccessorImpl.newInstance(DelegatingConstructorAccessorImpl.java:45)
	at java.base/java.lang.reflect.Constructor.newInstanceWithCaller(Constructor.java:500)
	at java.base/java.lang.reflect.Constructor.newInstance(Constructor.java:481)
	at org.openqa.selenium.remote.http.W3CHttpResponseCodec.createException(W3CHttpResponseCodec.java:187)
	at org.openqa.selenium.remote.http.W3CHttpResponseCodec.decode(W3CHttpResponseCodec.java:122)
	at org.openqa.selenium.remote.http.W3CHttpResponseCodec.decode(W3CHttpResponseCodec.java:49)
	at org.openqa.selenium.remote.HttpCommandExecutor.execute(HttpCommandExecutor.java:158)
	at org.openqa.selenium.remote.service.DriverCommandExecutor.execute(DriverCommandExecutor.java:83)
	at org.openqa.selenium.remote.RemoteWebDriver.execute(RemoteWebDriver.java:552)
	at org.openqa.selenium.remote.RemoteWebDriver.findElement(RemoteWebDriver.java:323)
	at org.openqa.selenium.remote.RemoteWebDriver.findElementByXPath(RemoteWebDriver.java:428)
	at org.openqa.selenium.By$ByXPath.findElement(By.java:353)
	at org.openqa.selenium.remote.RemoteWebDriver.findElement(RemoteWebDriver.java:315)
	at Testscript.TC7.forgotpassword_parent(TC7.java:70)
	at java.base/jdk.internal.reflect.NativeMethodAccessorImpl.invoke0(Native Method)
	at java.base/jdk.internal.reflect.NativeMethodAccessorImpl.invoke(NativeMethodAccessorImpl.java:62)
	at java.base/jdk.internal.reflect.DelegatingMethodAccessorImpl.invoke(DelegatingMethodAccessorImpl.java:43)
	at java.base/java.lang.reflect.Method.invoke(Method.java:567)
	at org.testng.internal.MethodInvocationHelper.invokeMethod(MethodInvocationHelper.java:85)
	at org.testng.internal.Invoker.invokeMethod(Invoker.java:639)
	at org.testng.internal.Invoker.invokeTestMethod(Invoker.java:821)
	at org.testng.internal.Invoker.invokeTestMethods(Invoker.java:1131)
	at org.testng.internal.TestMethodWorker.invokeTestMethods(TestMethodWorker.java:124)
	at org.testng.internal.TestMethodWorker.run(TestMethodWorker.java:108)
	at org.testng.TestRunner.privateRun(TestRunner.java:773)
	at org.testng.TestRunner.run(TestRunner.java:623)
	at org.testng.SuiteRunner.runTest(SuiteRunner.java:357)
	at org.testng.SuiteRunner.runSequentially(SuiteRunner.java:352)
	at org.testng.SuiteRunner.privateRun(SuiteRunner.java:310)
	at org.testng.SuiteRunner.run(SuiteRunner.java:259)
	at org.testng.SuiteRunnerWorker.runSuite(SuiteRunnerWorker.java:52)
	at org.testng.SuiteRunnerWorker.run(SuiteRunnerWorker.java:86)
	at org.testng.TestNG.runSuitesSequentially(TestNG.java:1185)
	at org.testng.TestNG.runSuitesLocally(TestNG.java:1110)
	at org.testng.TestNG.run(TestNG.java:1018)
	at Runner.triggerclass.main(triggerclass.java:69)
</pre></div></td>
<td>46</td>
<td>Testscript.TC7@53f65459</td></tr>
</table><p>
<table width='100%' border='1' class='invocation-passed'>
<tr><td colspan='4' align='center'><b>PASSED TESTS</b></td></tr>
<tr><td><b>Test method</b></td>
<td width="30%"><b>Exception</b></td>
<td width="10%"><b>Time (seconds)</b></td>
<td><b>Instance</b></td>
</tr>
<tr>
<td title='Testscript.TC17.forgotpassword_tutor_blankemailid()'><b>forgotpassword_tutor_blankemailid</b><br>Test class: Testscript.TC17</td>
<td></td>
<td>20</td>
<td>Testscript.TC17@2f943d71</td></tr>
<tr>
<td title='Testscript.TC16.forgotpassword_tutor_enternotregistered_emailid()'><b>forgotpassword_tutor_enternotregistered_emailid</b><br>Test class: Testscript.TC16</td>
<td></td>
<td>25</td>
<td>Testscript.TC16@bd8db5a</td></tr>
<tr>
<td title='Testscript.TC18.forgotpassword_tutor_invalidemailformat()'><b>forgotpassword_tutor_invalidemailformat</b><br>Test class: Testscript.TC18</td>
<td></td>
<td>25</td>
<td>Testscript.TC18@80503</td></tr>
<tr>
<td title='Testscript.TC12.forgotusername_parent_enterinvalidemail()'><b>forgotusername_parent_enterinvalidemail</b><br>Test class: Testscript.TC12</td>
<td></td>
<td>25</td>
<td>Testscript.TC12@76b0bfab</td></tr>
<tr>
<td title='Testscript.TC14.forgotusernameparent_blankemailid()'><b>forgotusernameparent_blankemailid</b><br>Test class: Testscript.TC14</td>
<td></td>
<td>20</td>
<td>Testscript.TC14@3043fe0e</td></tr>
<tr>
<td title='Testscript.TC13.forgotusernameparent_enterinvalidemail_format()'><b>forgotusernameparent_enterinvalidemail_format</b><br>Test class: Testscript.TC13</td>
<td></td>
<td>25</td>
<td>Testscript.TC13@17d677df</td></tr>
<tr>
<td title='Testscript.TC15.forgotusernameparent_notregisteredemail()'><b>forgotusernameparent_notregisteredemail</b><br>Test class: Testscript.TC15</td>
<td></td>
<td>25</td>
<td>Testscript.TC15@78e67e0a</td></tr>
<tr>
<td title='Testscript.TC19.signin_parent_leave_password_blank()'><b>signin_parent_leave_password_blank</b><br>Test class: Testscript.TC19</td>
<td></td>
<td>15</td>
<td>Testscript.TC19@4b553d26</td></tr>
<tr>
<td title='Testscript.TC21.signinparent_leave_username_blank()'><b>signinparent_leave_username_blank</b><br>Test class: Testscript.TC21</td>
<td></td>
<td>15</td>
<td>Testscript.TC21@86be70a</td></tr>
<tr>
<td title='Testscript.TC20.signinparent_leaveusernameblank_leaveblankpassword()'><b>signinparent_leaveusernameblank_leaveblankpassword</b><br>Test class: Testscript.TC20</td>
<td></td>
<td>10</td>
<td>Testscript.TC20@69a3d1d</td></tr>
<tr>
<td title='Testscript.TC11.signparent_invalidpassword_invalidusername()'><b>signparent_invalidpassword_invalidusername</b><br>Test class: Testscript.TC11</td>
<td></td>
<td>25</td>
<td>Testscript.TC11@7a765367</td></tr>
<tr>
<td title='Testscript.TC9.signparent_invalidusernameenter_validpassword()'><b>signparent_invalidusernameenter_validpassword</b><br>Test class: Testscript.TC9</td>
<td></td>
<td>25</td>
<td>Testscript.TC9@34c4973</td></tr>
<tr>
<td title='Testscript.TC10.signparent_validusername_invalidpassword()'><b>signparent_validusername_invalidpassword</b><br>Test class: Testscript.TC10</td>
<td></td>
<td>25</td>
<td>Testscript.TC10@52feb982</td></tr>
</table><p>
</body>
</html>