<?xml version="1.0" encoding="UTF-8"?>
<!-- Generated by org.testng.reporters.JUnitXMLReporter -->
<testsuite hostname="karishmas-MacBook-Air.local" failures="1" tests="14" name="Command line test c399d579-1a0c-4ead-9a73-928d5e56c69e" time="503.713" errors="0" timestamp="23 Dec 2020 18:08:24 GMT">
  <testcase classname="Testscript.TC7" name="forgotpassword_parent" time="46.473">
    <failure type="org.openqa.selenium.NoSuchElementException" message="no such element: Unable to locate element: {&amp;quot;method&amp;quot;:&amp;quot;xpath&amp;quot;,&amp;quot;selector&amp;quot;:&amp;quot;//input[@placeholder=&amp;apos;New Password&amp;apos;]&amp;quot;}
  (Session info: chrome=87.0.4280.88)
For documentation on this error, please visit: https://www.seleniumhq.org/exceptions/no_such_element.html
Build info: version: &amp;apos;3.141.59&amp;apos;, revision: &amp;apos;e82be7d358&amp;apos;, time: &amp;apos;2018-11-14T08:25:53&amp;apos;
System info: host: &amp;apos;karishmas-MacBook-Air.local&amp;apos;, ip: &amp;apos;fe80:0:0:0:1844:2479:8d9e:4794%en0&amp;apos;, os.name: &amp;apos;Mac OS X&amp;apos;, os.arch: &amp;apos;x86_64&amp;apos;, os.version: &amp;apos;10.15.4&amp;apos;, java.version: &amp;apos;13.0.2&amp;apos;
Driver info: org.openqa.selenium.chrome.ChromeDriver
Capabilities {acceptInsecureCerts: false, browserName: chrome, browserVersion: 87.0.4280.88, chrome: {chromedriverVersion: 86.0.4240.22 (398b0743353ff..., userDataDir: /var/folders/4n/g7b3mygx47d...}, goog:chromeOptions: {debuggerAddress: localhost:60751}, javascriptEnabled: true, networkConnectionEnabled: false, pageLoadStrategy: none, platform: MAC, platformName: MAC, proxy: Proxy(), setWindowRect: true, strictFileInteractability: false, timeouts: {implicit: 0, pageLoad: 300000, script: 30000}, unhandledPromptBehavior: dismiss and notify, webauthn:virtualAuthenticators: true}
Session ID: d0d1b1c6c13ac5eaa6a932ffe804aa69
*** Element info: {Using=xpath, value=//input[@placeholder=&amp;apos;New Password&amp;apos;]}">
      <![CDATA[org.openqa.selenium.NoSuchElementException: no such element: Unable to locate element: {"method":"xpath","selector":"//input[@placeholder='New Password']"}
  (Session info: chrome=87.0.4280.88)
For documentation on this error, please visit: https://www.seleniumhq.org/exceptions/no_such_element.html
Build info: version: '3.141.59', revision: 'e82be7d358', time: '2018-11-14T08:25:53'
System info: host: 'karishmas-MacBook-Air.local', ip: 'fe80:0:0:0:1844:2479:8d9e:4794%en0', os.name: 'Mac OS X', os.arch: 'x86_64', os.version: '10.15.4', java.version: '13.0.2'
Driver info: org.openqa.selenium.chrome.ChromeDriver
Capabilities {acceptInsecureCerts: false, browserName: chrome, browserVersion: 87.0.4280.88, chrome: {chromedriverVersion: 86.0.4240.22 (398b0743353ff..., userDataDir: /var/folders/4n/g7b3mygx47d...}, goog:chromeOptions: {debuggerAddress: localhost:60751}, javascriptEnabled: true, networkConnectionEnabled: false, pageLoadStrategy: none, platform: MAC, platformName: MAC, proxy: Proxy(), setWindowRect: true, strictFileInteractability: false, timeouts: {implicit: 0, pageLoad: 300000, script: 30000}, unhandledPromptBehavior: dismiss and notify, webauthn:virtualAuthenticators: true}
Session ID: d0d1b1c6c13ac5eaa6a932ffe804aa69
*** Element info: {Using=xpath, value=//input[@placeholder='New Password']}
	at org.openqa.selenium.remote.http.W3CHttpResponseCodec.createException(W3CHttpResponseCodec.java:187)
	at org.openqa.selenium.remote.http.W3CHttpResponseCodec.decode(W3CHttpResponseCodec.java:122)
	at org.openqa.selenium.remote.http.W3CHttpResponseCodec.decode(W3CHttpResponseCodec.java:49)
	at org.openqa.selenium.remote.HttpCommandExecutor.execute(HttpCommandExecutor.java:158)
	at org.openqa.selenium.remote.service.DriverCommandExecutor.execute(DriverCommandExecutor.java:83)
	at org.openqa.selenium.remote.RemoteWebDriver.execute(RemoteWebDriver.java:552)
	at org.openqa.selenium.remote.RemoteWebDriver.findElement(RemoteWebDriver.java:323)
	at org.openqa.selenium.remote.RemoteWebDriver.findElementByXPath(RemoteWebDriver.java:428)
	at org.openqa.selenium.By$ByXPath.findElement(By.java:353)
	at org.openqa.selenium.remote.RemoteWebDriver.findElement(RemoteWebDriver.java:315)
	at Testscript.TC7.forgotpassword_parent(TC7.java:70)
	at Runner.triggerclass.main(triggerclass.java:69)
... Removed 26 stack frames]]>
    </failure>
  </testcase> <!-- forgotpassword_parent -->
  <testcase classname="Testscript.TC9" name="signparent_invalidusernameenter_validpassword" time="25.598"/>
  <testcase classname="Testscript.TC10" name="signparent_validusername_invalidpassword" time="25.601"/>
  <testcase classname="Testscript.TC11" name="signparent_invalidpassword_invalidusername" time="25.579"/>
  <testcase classname="Testscript.TC12" name="forgotusername_parent_enterinvalidemail" time="25.619"/>
  <testcase classname="Testscript.TC13" name="forgotusernameparent_enterinvalidemail_format" time="25.571"/>
  <testcase classname="Testscript.TC14" name="forgotusernameparent_blankemailid" time="20.419"/>
  <testcase classname="Testscript.TC15" name="forgotusernameparent_notregisteredemail" time="25.638"/>
  <testcase classname="Testscript.TC16" name="forgotpassword_tutor_enternotregistered_emailid" time="25.616"/>
  <testcase classname="Testscript.TC17" name="forgotpassword_tutor_blankemailid" time="20.403"/>
  <testcase classname="Testscript.TC18" name="forgotpassword_tutor_invalidemailformat" time="25.653"/>
  <testcase classname="Testscript.TC19" name="signin_parent_leave_password_blank" time="15.464"/>
  <testcase classname="Testscript.TC20" name="signinparent_leaveusernameblank_leaveblankpassword" time="10.304"/>
  <testcase classname="Testscript.TC21" name="signinparent_leave_username_blank" time="15.444"/>
</testsuite> <!-- Command line test c399d579-1a0c-4ead-9a73-928d5e56c69e -->
